mode: set
bitbucket.org/JerichoBaisa/bookings-go-v2/cmd/web/main.go:23.13,26.16 2 0
bitbucket.org/JerichoBaisa/bookings-go-v2/cmd/web/main.go:26.16,28.3 1 0
bitbucket.org/JerichoBaisa/bookings-go-v2/cmd/web/main.go:30.2,39.16 5 0
bitbucket.org/JerichoBaisa/bookings-go-v2/cmd/web/main.go:43.18,59.16 10 1
bitbucket.org/JerichoBaisa/bookings-go-v2/cmd/web/main.go:59.16,62.3 2 0
bitbucket.org/JerichoBaisa/bookings-go-v2/cmd/web/main.go:64.2,72.12 6 1
bitbucket.org/JerichoBaisa/bookings-go-v2/cmd/web/middleware.go:10.53,11.71 1 0
bitbucket.org/JerichoBaisa/bookings-go-v2/cmd/web/middleware.go:11.71,14.3 2 0
bitbucket.org/JerichoBaisa/bookings-go-v2/cmd/web/middleware.go:18.45,29.2 3 1
bitbucket.org/JerichoBaisa/bookings-go-v2/cmd/web/middleware.go:32.50,34.2 1 1
bitbucket.org/JerichoBaisa/bookings-go-v2/cmd/web/routes.go:12.49,43.2 18 1
